[0102/204923.705:ERROR:directory_reader_win.cc(43)] FindFirstFile: 系統找不到指定的路徑。 (0x3)
[0102/211610.954:ERROR:directory_reader_win.cc(43)] FindFirstFile: 系統找不到指定的路徑。 (0x3)
[0110/204116.878:ERROR:directory_reader_win.cc(43)] FindFirstFile: 系統找不到指定的路徑。 (0x3)
[0111/192329.416:ERROR:process_memory_win.cc(73)] ReadMemory at 0x7ff6fe9d0000 of 64 bytes failed: 僅完成部分的 ReadProcessMemory 或 WriteProcessMemory 要求。 (0x12B)
[0111/192329.417:WARNING:pe_image_reader.cc(340)] could not read dos header from C:\Program Files (x86)\Google\Chrome\Application\chrome.exe
[0111/192329.417:ERROR:process_memory_win.cc(73)] ReadMemory at 0x7ffcd9460000 of 64 bytes failed: 僅完成部分的 ReadProcessMemory 或 WriteProcessMemory 要求。 (0x12B)
[0111/192329.417:WARNING:pe_image_reader.cc(340)] could not read dos header from C:\Windows\SYSTEM32\ntdll.dll
[0111/192329.417:ERROR:process_memory_win.cc(73)] ReadMemory at 0x7ffcd78c0000 of 64 bytes failed: 僅完成部分的 ReadProcessMemory 或 WriteProcessMemory 要求。 (0x12B)
[0111/192329.417:WARNING:pe_image_reader.cc(340)] could not read dos header from C:\Windows\System32\KERNEL32.DLL
[0111/192329.417:ERROR:process_memory_win.cc(73)] ReadMemory at 0x7ffcd6880000 of 64 bytes failed: 僅完成部分的 ReadProcessMemory 或 WriteProcessMemory 要求。 (0x12B)
[0111/192329.418:WARNING:pe_image_reader.cc(340)] could not read dos header from C:\Windows\System32\KERNELBASE.dll
[0111/192329.418:ERROR:process_memory_win.cc(73)] ReadMemory at 0x7ffc9b110000 of 64 bytes failed: 僅完成部分的 ReadProcessMemory 或 WriteProcessMemory 要求。 (0x12B)
[0111/192329.418:WARNING:pe_image_reader.cc(340)] could not read dos header from C:\Program Files (x86)\Google\Chrome\Application\87.0.4280.141\chrome_elf.dll
[0111/192329.418:ERROR:process_memory_win.cc(73)] ReadMemory at 0x7ffcd0c80000 of 64 bytes failed: 僅完成部分的 ReadProcessMemory 或 WriteProcessMemory 要求。 (0x12B)
[0111/192329.418:WARNING:pe_image_reader.cc(340)] could not read dos header from C:\Windows\SYSTEM32\VERSION.dll
[0111/192329.418:ERROR:process_memory_win.cc(73)] ReadMemory at 0x7ffcd7b20000 of 64 bytes failed: 僅完成部分的 ReadProcessMemory 或 WriteProcessMemory 要求。 (0x12B)
[0111/192329.418:WARNING:pe_image_reader.cc(340)] could not read dos header from C:\Windows\System32\msvcrt.dll
[0111/192329.418:ERROR:process_memory_win.cc(73)] ReadMemory at 0x7ffcd73b0000 of 64 bytes failed: 僅完成部分的 ReadProcessMemory 或 WriteProcessMemory 要求。 (0x12B)
[0111/192329.418:WARNING:pe_image_reader.cc(340)] could not read dos header from C:\Windows\System32\bcryptPrimitives.dll
[0111/192329.418:ERROR:process_memory_win.cc(73)] ReadMemory at 0x7ffcd9280000 of 64 bytes failed: 僅完成部分的 ReadProcessMemory 或 WriteProcessMemory 要求。 (0x12B)
[0111/192329.418:WARNING:pe_image_reader.cc(340)] could not read dos header from C:\Windows\System32\ADVAPI32.dll
[0111/192329.418:ERROR:process_memory_win.cc(73)] ReadMemory at 0x7ffcd8c00000 of 64 bytes failed: 僅完成部分的 ReadProcessMemory 或 WriteProcessMemory 要求。 (0x12B)
[0111/192329.418:WARNING:pe_image_reader.cc(340)] could not read dos header from C:\Windows\System32\sechost.dll
[0111/192329.418:ERROR:process_memory_win.cc(73)] ReadMemory at 0x7ffcd8450000 of 64 bytes failed: 僅完成部分的 ReadProcessMemory 或 WriteProcessMemory 要求。 (0x12B)
[0111/192329.418:WARNING:pe_image_reader.cc(340)] could not read dos header from C:\Windows\System32\RPCRT4.dll
[0111/192329.418:ERROR:process_memory_win.cc(73)] ReadMemory at 0x7ffc51a60000 of 64 bytes failed: 僅完成部分的 ReadProcessMemory 或 WriteProcessMemory 要求。 (0x12B)
[0111/192329.418:WARNING:pe_image_reader.cc(340)] could not read dos header from C:\Program Files (x86)\Google\Chrome\Application\87.0.4280.141\chrome.dll
[0111/192329.418:ERROR:process_memory_win.cc(73)] ReadMemory at 0x7ffcd8a10000 of 64 bytes failed: 僅完成部分的 ReadProcessMemory 或 WriteProcessMemory 要求。 (0x12B)
[0111/192329.418:WARNING:pe_image_reader.cc(340)] could not read dos header from C:\Windows\System32\WS2_32.dll
[0111/192329.418:ERROR:process_memory_win.cc(73)] ReadMemory at 0x7ffcd8320000 of 64 bytes failed: 僅完成部分的 ReadProcessMemory 或 WriteProcessMemory 要求。 (0x12B)
[0111/192329.418:WARNING:pe_image_reader.cc(340)] could not read dos header from C:\Windows\System32\OLEAUT32.dll
[0111/192329.418:ERROR:process_memory_win.cc(73)] ReadMemory at 0x7ffcd6b30000 of 64 bytes failed: 僅完成部分的 ReadProcessMemory 或 WriteProcessMemory 要求。 (0x12B)
[0111/192329.418:WARNING:pe_image_reader.cc(340)] could not read dos header from C:\Windows\System32\msvcp_win.dll
[0111/192329.418:ERROR:process_memory_win.cc(73)] ReadMemory at 0x7ffcd6430000 of 64 bytes failed: 僅完成部分的 ReadProcessMemory 或 WriteProcessMemory 要求。 (0x12B)
[0111/192329.418:WARNING:pe_image_reader.cc(340)] could not read dos header from C:\Windows\System32\ucrtbase.dll
[0111/192329.418:ERROR:process_memory_win.cc(73)] ReadMemory at 0x7ffcd8ca0000 of 64 bytes failed: 僅完成部分的 ReadProcessMemory 或 WriteProcessMemory 要求。 (0x12B)
[0111/192329.418:WARNING:pe_image_reader.cc(340)] could not read dos header from C:\Windows\System32\combase.dll
[0111/192329.418:ERROR:process_memory_win.cc(73)] ReadMemory at 0x7ffcd63d0000 of 64 bytes failed: 僅完成部分的 ReadProcessMemory 或 WriteProcessMemory 要求。 (0x12B)
[0111/192329.418:WARNING:pe_image_reader.cc(340)] could not read dos header from C:\Windows\System32\WINTRUST.dll
[0111/192329.418:ERROR:process_memory_win.cc(73)] ReadMemory at 0x7ffcd6330000 of 64 bytes failed: 僅完成部分的 ReadProcessMemory 或 WriteProcessMemory 要求。 (0x12B)
[0111/192329.418:WARNING:pe_image_reader.cc(340)] could not read dos header from C:\Windows\System32\MSASN1.dll
[0111/192329.418:ERROR:process_memory_win.cc(73)] ReadMemory at 0x7ffcd6700000 of 64 bytes failed: 僅完成部分的 ReadProcessMemory 或 WriteProcessMemory 要求。 (0x12B)
[0111/192329.418:WARNING:pe_image_reader.cc(340)] could not read dos header from C:\Windows\System32\CRYPT32.dll
[0111/192329.418:ERROR:process_memory_win.cc(73)] ReadMemory at 0x7ffcce8e0000 of 64 bytes failed: 僅完成部分的 ReadProcessMemory 或 WriteProcessMemory 要求。 (0x12B)
[0111/192329.418:WARNING:pe_image_reader.cc(340)] could not read dos header from C:\Windows\SYSTEM32\dbghelp.dll
[0111/192329.418:ERROR:process_memory_win.cc(73)] ReadMemory at 0x7ffcd5800000 of 64 bytes failed: 僅完成部分的 ReadProcessMemory 或 WriteProcessMemory 要求。 (0x12B)
[0111/192329.418:WARNING:pe_image_reader.cc(340)] could not read dos header from C:\Windows\SYSTEM32\IPHLPAPI.DLL
[0111/192329.418:ERROR:process_memory_win.cc(73)] ReadMemory at 0x7ffccceb0000 of 64 bytes failed: 僅完成部分的 ReadProcessMemory 或 WriteProcessMemory 要求。 (0x12B)
[0111/192329.418:WARNING:pe_image_reader.cc(340)] could not read dos header from C:\Windows\SYSTEM32\WINMM.dll
[0111/192329.418:ERROR:process_memory_win.cc(73)] ReadMemory at 0x7ffc9e7b0000 of 64 bytes failed: 僅完成部分的 ReadProcessMemory 或 WriteProcessMemory 要求。 (0x12B)
[0111/192329.418:WARNING:pe_image_reader.cc(340)] could not read dos header from C:\Windows\SYSTEM32\UIAutomationCore.DLL
[0111/192329.418:ERROR:process_memory_win.cc(73)] ReadMemory at 0x7ffcc4d00000 of 64 bytes failed: 僅完成部分的 ReadProcessMemory 或 WriteProcessMemory 要求。 (0x12B)
[0111/192329.418:WARNING:pe_image_reader.cc(340)] could not read dos header from C:\Windows\SYSTEM32\Secur32.dll
[0111/192329.418:ERROR:process_memory_win.cc(73)] ReadMemory at 0x7ffcd6220000 of 64 bytes failed: 僅完成部分的 ReadProcessMemory 或 WriteProcessMemory 要求。 (0x12B)
[0111/192329.418:WARNING:pe_image_reader.cc(340)] could not read dos header from C:\Windows\SYSTEM32\USERENV.dll
[0111/192329.418:ERROR:process_memory_win.cc(73)] ReadMemory at 0x7ffcd63a0000 of 64 bytes failed: 僅完成部分的 ReadProcessMemory 或 WriteProcessMemory 要求。 (0x12B)
[0111/192329.418:WARNING:pe_image_reader.cc(340)] could not read dos header from C:\Windows\System32\profapi.dll
[0111/192329.418:ERROR:process_memory_win.cc(73)] ReadMemory at 0x7ffcbcad0000 of 64 bytes failed: 僅完成部分的 ReadProcessMemory 或 WriteProcessMemory 要求。 (0x12B)
[0111/192329.418:WARNING:pe_image_reader.cc(340)] could not read dos header from C:\Windows\SYSTEM32\DWrite.dll
[0111/192329.418:ERROR:process_memory_win.cc(73)] ReadMemory at 0x7ffcbd180000 of 64 bytes failed: 僅完成部分的 ReadProcessMemory 或 WriteProcessMemory 要求。 (0x12B)
[0111/192329.418:WARNING:pe_image_reader.cc(340)] could not read dos header from C:\Windows\SYSTEM32\WINSPOOL.DRV
[0111/192329.418:ERROR:process_memory_win.cc(73)] ReadMemory at 0x7ffcd6310000 of 64 bytes failed: 僅完成部分的 ReadProcessMemory 或 WriteProcessMemory 要求。 (0x12B)
[0111/192329.418:WARNING:pe_image_reader.cc(340)] could not read dos header from C:\Windows\System32\kernel.appcore.dll
[0111/192329.418:ERROR:process_memory_win.cc(73)] ReadMemory at 0x7ffcd6850000 of 64 bytes failed: 僅完成部分的 ReadProcessMemory 或 WriteProcessMemory 要求。 (0x12B)
[0111/192329.418:WARNING:pe_image_reader.cc(340)] could not read dos header from C:\Windows\System32\bcrypt.dll
[0111/192329.418:ERROR:process_memory_win.cc(73)] ReadMemory at 0x7ffccec90000 of 64 bytes failed: 僅完成部分的 ReadProcessMemory 或 WriteProcessMemory 要求。 (0x12B)
[0111/192329.418:WARNING:pe_image_reader.cc(340)] could not read dos header from C:\Windows\SYSTEM32\WINHTTP.dll
[0111/192329.418:ERROR:process_memory_win.cc(73)] ReadMemory at 0x7ffcd16e0000 of 64 bytes failed: 僅完成部分的 ReadProcessMemory 或 WriteProcessMemory 要求。 (0x12B)
[0111/192329.418:WARNING:pe_image_reader.cc(340)] could not read dos header from C:\Windows\SYSTEM32\dhcpcsvc.DLL
[0111/192329.418:ERROR:process_memory_win.cc(73)] ReadMemory at 0x7ffcd8fe0000 of 64 bytes failed: 僅完成部分的 ReadProcessMemory 或 WriteProcessMemory 要求。 (0x12B)
[0111/192329.419:WARNING:pe_image_reader.cc(340)] could not read dos header from C:\Windows\System32\NSI.dll
[0111/192329.419:ERROR:process_memory_win.cc(73)] ReadMemory at 0x7ffcccc70000 of 64 bytes failed: 僅完成部分的 ReadProcessMemory 或 WriteProcessMemory 要求。 (0x12B)
[0111/192329.419:WARNING:pe_image_reader.cc(340)] could not read dos header from C:\Windows\SYSTEM32\WINMMBASE.dll
[0111/192329.419:ERROR:process_memory_win.cc(73)] ReadMemory at 0x7ffcd7360000 of 64 bytes failed: 僅完成部分的 ReadProcessMemory 或 WriteProcessMemory 要求。 (0x12B)
[0111/192329.419:WARNING:pe_image_reader.cc(340)] could not read dos header from C:\Windows\System32\cfgmgr32.dll
[0111/192329.419:ERROR:process_memory_win.cc(73)] ReadMemory at 0x7ffcd2860000 of 64 bytes failed: 僅完成部分的 ReadProcessMemory 或 WriteProcessMemory 要求。 (0x12B)
[0111/192329.419:WARNING:pe_image_reader.cc(340)] could not read dos header from C:\Windows\SYSTEM32\PROPSYS.dll
[0111/192329.419:ERROR:process_memory_win.cc(73)] ReadMemory at 0x7ffcd8ff0000 of 64 bytes failed: 僅完成部分的 ReadProcessMemory 或 WriteProcessMemory 要求。 (0x12B)
[0111/192329.419:WARNING:pe_image_reader.cc(340)] could not read dos header from C:\Windows\System32\shcore.dll
[0111/192329.419:ERROR:process_memory_win.cc(73)] ReadMemory at 0x7ffcd61e0000 of 64 bytes failed: 僅完成部分的 ReadProcessMemory 或 WriteProcessMemory 要求。 (0x12B)
[0111/192329.419:WARNING:pe_image_reader.cc(340)] could not read dos header from C:\Windows\SYSTEM32\SSPICLI.DLL
[0111/192329.419:ERROR:process_memory_win.cc(73)] ReadMemory at 0x7ffcd5cc0000 of 64 bytes failed: 僅完成部分的 ReadProcessMemory 或 WriteProcessMemory 要求。 (0x12B)
[0111/192329.419:WARNING:pe_image_reader.cc(340)] could not read dos header from C:\Windows\SYSTEM32\CRYPTBASE.DLL
[0111/192329.423:ERROR:process_memory_win.cc(73)] ReadMemory at 0x7ff6fe9d0000 of 64 bytes failed: 僅完成部分的 ReadProcessMemory 或 WriteProcessMemory 要求。 (0x12B)
[0111/192329.423:WARNING:pe_image_reader.cc(340)] could not read dos header from C:\Program Files (x86)\Google\Chrome\Application\chrome.exe
[0111/192329.423:ERROR:process_memory_win.cc(73)] ReadMemory at 0x7ffcd9460000 of 64 bytes failed: 僅完成部分的 ReadProcessMemory 或 WriteProcessMemory 要求。 (0x12B)
[0111/192329.423:WARNING:pe_image_reader.cc(340)] could not read dos header from C:\Windows\SYSTEM32\ntdll.dll
[0111/192329.423:ERROR:process_memory_win.cc(73)] ReadMemory at 0x7ffcd78c0000 of 64 bytes failed: 僅完成部分的 ReadProcessMemory 或 WriteProcessMemory 要求。 (0x12B)
[0111/192329.424:WARNING:pe_image_reader.cc(340)] could not read dos header from C:\Windows\System32\KERNEL32.DLL
[0111/192329.424:ERROR:process_memory_win.cc(73)] ReadMemory at 0x7ffcd6880000 of 64 bytes failed: 僅完成部分的 ReadProcessMemory 或 WriteProcessMemory 要求。 (0x12B)
[0111/192329.424:WARNING:pe_image_reader.cc(340)] could not read dos header from C:\Windows\System32\KERNELBASE.dll
[0111/192329.424:ERROR:process_memory_win.cc(73)] ReadMemory at 0x7ffc9b110000 of 64 bytes failed: 僅完成部分的 ReadProcessMemory 或 WriteProcessMemory 要求。 (0x12B)
[0111/192329.424:WARNING:pe_image_reader.cc(340)] could not read dos header from C:\Program Files (x86)\Google\Chrome\Application\87.0.4280.141\chrome_elf.dll
[0111/192329.424:ERROR:process_memory_win.cc(73)] ReadMemory at 0x7ffcd0c80000 of 64 bytes failed: 僅完成部分的 ReadProcessMemory 或 WriteProcessMemory 要求。 (0x12B)
[0111/192329.424:WARNING:pe_image_reader.cc(340)] could not read dos header from C:\Windows\SYSTEM32\VERSION.dll
[0111/192329.424:ERROR:process_memory_win.cc(73)] ReadMemory at 0x7ffcd7b20000 of 64 bytes failed: 僅完成部分的 ReadProcessMemory 或 WriteProcessMemory 要求。 (0x12B)
[0111/192329.424:WARNING:pe_image_reader.cc(340)] could not read dos header from C:\Windows\System32\msvcrt.dll
[0111/192329.424:ERROR:process_memory_win.cc(73)] ReadMemory at 0x7ffcd73b0000 of 64 bytes failed: 僅完成部分的 ReadProcessMemory 或 WriteProcessMemory 要求。 (0x12B)
[0111/192329.424:WARNING:pe_image_reader.cc(340)] could not read dos header from C:\Windows\System32\bcryptPrimitives.dll
[0111/192329.424:ERROR:process_memory_win.cc(73)] ReadMemory at 0x7ffcd9280000 of 64 bytes failed: 僅完成部分的 ReadProcessMemory 或 WriteProcessMemory 要求。 (0x12B)
[0111/192329.424:WARNING:pe_image_reader.cc(340)] could not read dos header from C:\Windows\System32\ADVAPI32.dll
[0111/192329.424:ERROR:process_memory_win.cc(73)] ReadMemory at 0x7ffcd8c00000 of 64 bytes failed: 僅完成部分的 ReadProcessMemory 或 WriteProcessMemory 要求。 (0x12B)
[0111/192329.424:WARNING:pe_image_reader.cc(340)] could not read dos header from C:\Windows\System32\sechost.dll
[0111/192329.424:ERROR:process_memory_win.cc(73)] ReadMemory at 0x7ffcd8450000 of 64 bytes failed: 僅完成部分的 ReadProcessMemory 或 WriteProcessMemory 要求。 (0x12B)
[0111/192329.424:WARNING:pe_image_reader.cc(340)] could not read dos header from C:\Windows\System32\RPCRT4.dll
[0111/192329.424:ERROR:process_memory_win.cc(73)] ReadMemory at 0x7ffc51a60000 of 64 bytes failed: 僅完成部分的 ReadProcessMemory 或 WriteProcessMemory 要求。 (0x12B)
[0111/192329.424:WARNING:pe_image_reader.cc(340)] could not read dos header from C:\Program Files (x86)\Google\Chrome\Application\87.0.4280.141\chrome.dll
[0111/192329.424:ERROR:process_memory_win.cc(73)] ReadMemory at 0x7ffcd8a10000 of 64 bytes failed: 僅完成部分的 ReadProcessMemory 或 WriteProcessMemory 要求。 (0x12B)
[0111/192329.424:WARNING:pe_image_reader.cc(340)] could not read dos header from C:\Windows\System32\WS2_32.dll
[0111/192329.424:ERROR:process_memory_win.cc(73)] ReadMemory at 0x7ffcd8320000 of 64 bytes failed: 僅完成部分的 ReadProcessMemory 或 WriteProcessMemory 要求。 (0x12B)
[0111/192329.424:WARNING:pe_image_reader.cc(340)] could not read dos header from C:\Windows\System32\OLEAUT32.dll
[0111/192329.424:ERROR:process_memory_win.cc(73)] ReadMemory at 0x7ffcd6b30000 of 64 bytes failed: 僅完成部分的 ReadProcessMemory 或 WriteProcessMemory 要求。 (0x12B)
[0111/192329.424:WARNING:pe_image_reader.cc(340)] could not read dos header from C:\Windows\System32\msvcp_win.dll
[0111/192329.424:ERROR:process_memory_win.cc(73)] ReadMemory at 0x7ffcd6430000 of 64 bytes failed: 僅完成部分的 ReadProcessMemory 或 WriteProcessMemory 要求。 (0x12B)
[0111/192329.424:WARNING:pe_image_reader.cc(340)] could not read dos header from C:\Windows\System32\ucrtbase.dll
[0111/192329.424:ERROR:process_memory_win.cc(73)] ReadMemory at 0x7ffcd8ca0000 of 64 bytes failed: 僅完成部分的 ReadProcessMemory 或 WriteProcessMemory 要求。 (0x12B)
[0111/192329.424:WARNING:pe_image_reader.cc(340)] could not read dos header from C:\Windows\System32\combase.dll
[0111/192329.424:ERROR:process_memory_win.cc(73)] ReadMemory at 0x7ffcd63d0000 of 64 bytes failed: 僅完成部分的 ReadProcessMemory 或 WriteProcessMemory 要求。 (0x12B)
[0111/192329.424:WARNING:pe_image_reader.cc(340)] could not read dos header from C:\Windows\System32\WINTRUST.dll
[0111/192329.424:ERROR:process_memory_win.cc(73)] ReadMemory at 0x7ffcd6330000 of 64 bytes failed: 僅完成部分的 ReadProcessMemory 或 WriteProcessMemory 要求。 (0x12B)
[0111/192329.424:WARNING:pe_image_reader.cc(340)] could not read dos header from C:\Windows\System32\MSASN1.dll
[0111/192329.424:ERROR:process_memory_win.cc(73)] ReadMemory at 0x7ffcd6700000 of 64 bytes failed: 僅完成部分的 ReadProcessMemory 或 WriteProcessMemory 要求。 (0x12B)
[0111/192329.424:WARNING:pe_image_reader.cc(340)] could not read dos header from C:\Windows\System32\CRYPT32.dll
[0111/192329.424:ERROR:process_memory_win.cc(73)] ReadMemory at 0x7ffcce8e0000 of 64 bytes failed: 僅完成部分的 ReadProcessMemory 或 WriteProcessMemory 要求。 (0x12B)
[0111/192329.424:WARNING:pe_image_reader.cc(340)] could not read dos header from C:\Windows\SYSTEM32\dbghelp.dll
[0111/192329.424:ERROR:process_memory_win.cc(73)] ReadMemory at 0x7ffcd5800000 of 64 bytes failed: 僅完成部分的 ReadProcessMemory 或 WriteProcessMemory 要求。 (0x12B)
[0111/192329.424:WARNING:pe_image_reader.cc(340)] could not read dos header from C:\Windows\SYSTEM32\IPHLPAPI.DLL
[0111/192329.424:ERROR:process_memory_win.cc(73)] ReadMemory at 0x7ffccceb0000 of 64 bytes failed: 僅完成部分的 ReadProcessMemory 或 WriteProcessMemory 要求。 (0x12B)
[0111/192329.424:WARNING:pe_image_reader.cc(340)] could not read dos header from C:\Windows\SYSTEM32\WINMM.dll
[0111/192329.424:ERROR:process_memory_win.cc(73)] ReadMemory at 0x7ffc9e7b0000 of 64 bytes failed: 僅完成部分的 ReadProcessMemory 或 WriteProcessMemory 要求。 (0x12B)
[0111/192329.424:WARNING:pe_image_reader.cc(340)] could not read dos header from C:\Windows\SYSTEM32\UIAutomationCore.DLL
[0111/192329.424:ERROR:process_memory_win.cc(73)] ReadMemory at 0x7ffcc4d00000 of 64 bytes failed: 僅完成部分的 ReadProcessMemory 或 WriteProcessMemory 要求。 (0x12B)
[0111/192329.424:WARNING:pe_image_reader.cc(340)] could not read dos header from C:\Windows\SYSTEM32\Secur32.dll
[0111/192329.424:ERROR:process_memory_win.cc(73)] ReadMemory at 0x7ffcd6220000 of 64 bytes failed: 僅完成部分的 ReadProcessMemory 或 WriteProcessMemory 要求。 (0x12B)
[0111/192329.424:WARNING:pe_image_reader.cc(340)] could not read dos header from C:\Windows\SYSTEM32\USERENV.dll
[0111/192329.424:ERROR:process_memory_win.cc(73)] ReadMemory at 0x7ffcd63a0000 of 64 bytes failed: 僅完成部分的 ReadProcessMemory 或 WriteProcessMemory 要求。 (0x12B)
[0111/192329.424:WARNING:pe_image_reader.cc(340)] could not read dos header from C:\Windows\System32\profapi.dll
[0111/192329.424:ERROR:process_memory_win.cc(73)] ReadMemory at 0x7ffcbcad0000 of 64 bytes failed: 僅完成部分的 ReadProcessMemory 或 WriteProcessMemory 要求。 (0x12B)
[0111/192329.424:WARNING:pe_image_reader.cc(340)] could not read dos header from C:\Windows\SYSTEM32\DWrite.dll
[0111/192329.424:ERROR:process_memory_win.cc(73)] ReadMemory at 0x7ffcbd180000 of 64 bytes failed: 僅完成部分的 ReadProcessMemory 或 WriteProcessMemory 要求。 (0x12B)
[0111/192329.424:WARNING:pe_image_reader.cc(340)] could not read dos header from C:\Windows\SYSTEM32\WINSPOOL.DRV
[0111/192329.424:ERROR:process_memory_win.cc(73)] ReadMemory at 0x7ffcd6310000 of 64 bytes failed: 僅完成部分的 ReadProcessMemory 或 WriteProcessMemory 要求。 (0x12B)
[0111/192329.424:WARNING:pe_image_reader.cc(340)] could not read dos header from C:\Windows\System32\kernel.appcore.dll
[0111/192329.424:ERROR:process_memory_win.cc(73)] ReadMemory at 0x7ffcd6850000 of 64 bytes failed: 僅完成部分的 ReadProcessMemory 或 WriteProcessMemory 要求。 (0x12B)
[0111/192329.424:WARNING:pe_image_reader.cc(340)] could not read dos header from C:\Windows\System32\bcrypt.dll
[0111/192329.424:ERROR:process_memory_win.cc(73)] ReadMemory at 0x7ffccec90000 of 64 bytes failed: 僅完成部分的 ReadProcessMemory 或 WriteProcessMemory 要求。 (0x12B)
[0111/192329.424:WARNING:pe_image_reader.cc(340)] could not read dos header from C:\Windows\SYSTEM32\WINHTTP.dll
[0111/192329.424:ERROR:process_memory_win.cc(73)] ReadMemory at 0x7ffcd16e0000 of 64 bytes failed: 僅完成部分的 ReadProcessMemory 或 WriteProcessMemory 要求。 (0x12B)
[0111/192329.424:WARNING:pe_image_reader.cc(340)] could not read dos header from C:\Windows\SYSTEM32\dhcpcsvc.DLL
[0111/192329.425:ERROR:process_memory_win.cc(73)] ReadMemory at 0x7ffcd8fe0000 of 64 bytes failed: 僅完成部分的 ReadProcessMemory 或 WriteProcessMemory 要求。 (0x12B)
[0111/192329.425:WARNING:pe_image_reader.cc(340)] could not read dos header from C:\Windows\System32\NSI.dll
[0111/192329.425:ERROR:process_memory_win.cc(73)] ReadMemory at 0x7ffcccc70000 of 64 bytes failed: 僅完成部分的 ReadProcessMemory 或 WriteProcessMemory 要求。 (0x12B)
[0111/192329.425:WARNING:pe_image_reader.cc(340)] could not read dos header from C:\Windows\SYSTEM32\WINMMBASE.dll
[0111/192329.425:ERROR:process_memory_win.cc(73)] ReadMemory at 0x7ffcd7360000 of 64 bytes failed: 僅完成部分的 ReadProcessMemory 或 WriteProcessMemory 要求。 (0x12B)
[0111/192329.425:WARNING:pe_image_reader.cc(340)] could not read dos header from C:\Windows\System32\cfgmgr32.dll
[0111/192329.425:ERROR:process_memory_win.cc(73)] ReadMemory at 0x7ffcd2860000 of 64 bytes failed: 僅完成部分的 ReadProcessMemory 或 WriteProcessMemory 要求。 (0x12B)
[0111/192329.425:WARNING:pe_image_reader.cc(340)] could not read dos header from C:\Windows\SYSTEM32\PROPSYS.dll
[0111/192329.425:ERROR:process_memory_win.cc(73)] ReadMemory at 0x7ffcd8ff0000 of 64 bytes failed: 僅完成部分的 ReadProcessMemory 或 WriteProcessMemory 要求。 (0x12B)
[0111/192329.425:WARNING:pe_image_reader.cc(340)] could not read dos header from C:\Windows\System32\shcore.dll
[0111/192329.425:ERROR:process_memory_win.cc(73)] ReadMemory at 0x7ffcd61e0000 of 64 bytes failed: 僅完成部分的 ReadProcessMemory 或 WriteProcessMemory 要求。 (0x12B)
[0111/192329.425:WARNING:pe_image_reader.cc(340)] could not read dos header from C:\Windows\SYSTEM32\SSPICLI.DLL
[0111/192329.425:ERROR:process_memory_win.cc(73)] ReadMemory at 0x7ffcd5cc0000 of 64 bytes failed: 僅完成部分的 ReadProcessMemory 或 WriteProcessMemory 要求。 (0x12B)
[0111/192329.425:WARNING:pe_image_reader.cc(340)] could not read dos header from C:\Windows\SYSTEM32\CRYPTBASE.DLL
[0111/192329.425:ERROR:process_memory_win.cc(73)] ReadMemory at 0x7ff6fe9d0000 of 64 bytes failed: 僅完成部分的 ReadProcessMemory 或 WriteProcessMemory 要求。 (0x12B)
[0111/192329.425:WARNING:pe_image_reader.cc(340)] could not read dos header from C:\Program Files (x86)\Google\Chrome\Application\chrome.exe
[0111/192329.425:ERROR:process_memory_win.cc(73)] ReadMemory at 0x7ffcd9460000 of 64 bytes failed: 僅完成部分的 ReadProcessMemory 或 WriteProcessMemory 要求。 (0x12B)
[0111/192329.425:WARNING:pe_image_reader.cc(340)] could not read dos header from C:\Windows\SYSTEM32\ntdll.dll
[0111/192329.425:ERROR:process_memory_win.cc(73)] ReadMemory at 0x7ffcd78c0000 of 64 bytes failed: 僅完成部分的 ReadProcessMemory 或 WriteProcessMemory 要求。 (0x12B)
[0111/192329.425:WARNING:pe_image_reader.cc(340)] could not read dos header from C:\Windows\System32\KERNEL32.DLL
[0111/192329.425:ERROR:process_memory_win.cc(73)] ReadMemory at 0x7ffcd6880000 of 64 bytes failed: 僅完成部分的 ReadProcessMemory 或 WriteProcessMemory 要求。 (0x12B)
[0111/192329.425:WARNING:pe_image_reader.cc(340)] could not read dos header from C:\Windows\System32\KERNELBASE.dll
[0111/192329.425:ERROR:process_memory_win.cc(73)] ReadMemory at 0x7ffc9b110000 of 64 bytes failed: 僅完成部分的 ReadProcessMemory 或 WriteProcessMemory 要求。 (0x12B)
[0111/192329.425:WARNING:pe_image_reader.cc(340)] could not read dos header from C:\Program Files (x86)\Google\Chrome\Application\87.0.4280.141\chrome_elf.dll
[0111/192329.425:ERROR:process_memory_win.cc(73)] ReadMemory at 0x7ffcd0c80000 of 64 bytes failed: 僅完成部分的 ReadProcessMemory 或 WriteProcessMemory 要求。 (0x12B)
[0111/192329.425:WARNING:pe_image_reader.cc(340)] could not read dos header from C:\Windows\SYSTEM32\VERSION.dll
[0111/192329.425:ERROR:process_memory_win.cc(73)] ReadMemory at 0x7ffcd7b20000 of 64 bytes failed: 僅完成部分的 ReadProcessMemory 或 WriteProcessMemory 要求。 (0x12B)
[0111/192329.425:WARNING:pe_image_reader.cc(340)] could not read dos header from C:\Windows\System32\msvcrt.dll
[0111/192329.425:ERROR:process_memory_win.cc(73)] ReadMemory at 0x7ffcd73b0000 of 64 bytes failed: 僅完成部分的 ReadProcessMemory 或 WriteProcessMemory 要求。 (0x12B)
[0111/192329.425:WARNING:pe_image_reader.cc(340)] could not read dos header from C:\Windows\System32\bcryptPrimitives.dll
[0111/192329.425:ERROR:process_memory_win.cc(73)] ReadMemory at 0x7ffcd9280000 of 64 bytes failed: 僅完成部分的 ReadProcessMemory 或 WriteProcessMemory 要求。 (0x12B)
[0111/192329.425:WARNING:pe_image_reader.cc(340)] could not read dos header from C:\Windows\System32\ADVAPI32.dll
[0111/192329.425:ERROR:process_memory_win.cc(73)] ReadMemory at 0x7ffcd8c00000 of 64 bytes failed: 僅完成部分的 ReadProcessMemory 或 WriteProcessMemory 要求。 (0x12B)
[0111/192329.425:WARNING:pe_image_reader.cc(340)] could not read dos header from C:\Windows\System32\sechost.dll
[0111/192329.425:ERROR:process_memory_win.cc(73)] ReadMemory at 0x7ffcd8450000 of 64 bytes failed: 僅完成部分的 ReadProcessMemory 或 WriteProcessMemory 要求。 (0x12B)
[0111/192329.425:WARNING:pe_image_reader.cc(340)] could not read dos header from C:\Windows\System32\RPCRT4.dll
[0111/192329.425:ERROR:process_memory_win.cc(73)] ReadMemory at 0x7ffc51a60000 of 64 bytes failed: 僅完成部分的 ReadProcessMemory 或 WriteProcessMemory 要求。 (0x12B)
[0111/192329.425:WARNING:pe_image_reader.cc(340)] could not read dos header from C:\Program Files (x86)\Google\Chrome\Application\87.0.4280.141\chrome.dll
[0111/192329.425:ERROR:process_memory_win.cc(73)] ReadMemory at 0x7ffcd8a10000 of 64 bytes failed: 僅完成部分的 ReadProcessMemory 或 WriteProcessMemory 要求。 (0x12B)
[0111/192329.425:WARNING:pe_image_reader.cc(340)] could not read dos header from C:\Windows\System32\WS2_32.dll
[0111/192329.425:ERROR:process_memory_win.cc(73)] ReadMemory at 0x7ffcd8320000 of 64 bytes failed: 僅完成部分的 ReadProcessMemory 或 WriteProcessMemory 要求。 (0x12B)
[0111/192329.425:WARNING:pe_image_reader.cc(340)] could not read dos header from C:\Windows\System32\OLEAUT32.dll
[0111/192329.425:ERROR:process_memory_win.cc(73)] ReadMemory at 0x7ffcd6b30000 of 64 bytes failed: 僅完成部分的 ReadProcessMemory 或 WriteProcessMemory 要求。 (0x12B)
[0111/192329.425:WARNING:pe_image_reader.cc(340)] could not read dos header from C:\Windows\System32\msvcp_win.dll
[0111/192329.425:ERROR:process_memory_win.cc(73)] ReadMemory at 0x7ffcd6430000 of 64 bytes failed: 僅完成部分的 ReadProcessMemory 或 WriteProcessMemory 要求。 (0x12B)
[0111/192329.425:WARNING:pe_image_reader.cc(340)] could not read dos header from C:\Windows\System32\ucrtbase.dll
[0111/192329.425:ERROR:process_memory_win.cc(73)] ReadMemory at 0x7ffcd8ca0000 of 64 bytes failed: 僅完成部分的 ReadProcessMemory 或 WriteProcessMemory 要求。 (0x12B)
[0111/192329.425:WARNING:pe_image_reader.cc(340)] could not read dos header from C:\Windows\System32\combase.dll
[0111/192329.425:ERROR:process_memory_win.cc(73)] ReadMemory at 0x7ffcd63d0000 of 64 bytes failed: 僅完成部分的 ReadProcessMemory 或 WriteProcessMemory 要求。 (0x12B)
[0111/192329.425:WARNING:pe_image_reader.cc(340)] could not read dos header from C:\Windows\System32\WINTRUST.dll
[0111/192329.425:ERROR:process_memory_win.cc(73)] ReadMemory at 0x7ffcd6330000 of 64 bytes failed: 僅完成部分的 ReadProcessMemory 或 WriteProcessMemory 要求。 (0x12B)
[0111/192329.425:WARNING:pe_image_reader.cc(340)] could not read dos header from C:\Windows\System32\MSASN1.dll
[0111/192329.425:ERROR:process_memory_win.cc(73)] ReadMemory at 0x7ffcd6700000 of 64 bytes failed: 僅完成部分的 ReadProcessMemory 或 WriteProcessMemory 要求。 (0x12B)
[0111/192329.425:WARNING:pe_image_reader.cc(340)] could not read dos header from C:\Windows\System32\CRYPT32.dll
[0111/192329.425:ERROR:process_memory_win.cc(73)] ReadMemory at 0x7ffcce8e0000 of 64 bytes failed: 僅完成部分的 ReadProcessMemory 或 WriteProcessMemory 要求。 (0x12B)
[0111/192329.425:WARNING:pe_image_reader.cc(340)] could not read dos header from C:\Windows\SYSTEM32\dbghelp.dll
[0111/192329.425:ERROR:process_memory_win.cc(73)] ReadMemory at 0x7ffcd5800000 of 64 bytes failed: 僅完成部分的 ReadProcessMemory 或 WriteProcessMemory 要求。 (0x12B)
[0111/192329.425:WARNING:pe_image_reader.cc(340)] could not read dos header from C:\Windows\SYSTEM32\IPHLPAPI.DLL
[0111/192329.425:ERROR:process_memory_win.cc(73)] ReadMemory at 0x7ffccceb0000 of 64 bytes failed: 僅完成部分的 ReadProcessMemory 或 WriteProcessMemory 要求。 (0x12B)
[0111/192329.425:WARNING:pe_image_reader.cc(340)] could not read dos header from C:\Windows\SYSTEM32\WINMM.dll
[0111/192329.425:ERROR:process_memory_win.cc(73)] ReadMemory at 0x7ffc9e7b0000 of 64 bytes failed: 僅完成部分的 ReadProcessMemory 或 WriteProcessMemory 要求。 (0x12B)
[0111/192329.425:WARNING:pe_image_reader.cc(340)] could not read dos header from C:\Windows\SYSTEM32\UIAutomationCore.DLL
[0111/192329.425:ERROR:process_memory_win.cc(73)] ReadMemory at 0x7ffcc4d00000 of 64 bytes failed: 僅完成部分的 ReadProcessMemory 或 WriteProcessMemory 要求。 (0x12B)
[0111/192329.425:WARNING:pe_image_reader.cc(340)] could not read dos header from C:\Windows\SYSTEM32\Secur32.dll
[0111/192329.425:ERROR:process_memory_win.cc(73)] ReadMemory at 0x7ffcd6220000 of 64 bytes failed: 僅完成部分的 ReadProcessMemory 或 WriteProcessMemory 要求。 (0x12B)
[0111/192329.426:WARNING:pe_image_reader.cc(340)] could not read dos header from C:\Windows\SYSTEM32\USERENV.dll
[0111/192329.426:ERROR:process_memory_win.cc(73)] ReadMemory at 0x7ffcd63a0000 of 64 bytes failed: 僅完成部分的 ReadProcessMemory 或 WriteProcessMemory 要求。 (0x12B)
[0111/192329.426:WARNING:pe_image_reader.cc(340)] could not read dos header from C:\Windows\System32\profapi.dll
[0111/192329.426:ERROR:process_memory_win.cc(73)] ReadMemory at 0x7ffcbcad0000 of 64 bytes failed: 僅完成部分的 ReadProcessMemory 或 WriteProcessMemory 要求。 (0x12B)
[0111/192329.426:WARNING:pe_image_reader.cc(340)] could not read dos header from C:\Windows\SYSTEM32\DWrite.dll
[0111/192329.426:ERROR:process_memory_win.cc(73)] ReadMemory at 0x7ffcbd180000 of 64 bytes failed: 僅完成部分的 ReadProcessMemory 或 WriteProcessMemory 要求。 (0x12B)
[0111/192329.426:WARNING:pe_image_reader.cc(340)] could not read dos header from C:\Windows\SYSTEM32\WINSPOOL.DRV
[0111/192329.426:ERROR:process_memory_win.cc(73)] ReadMemory at 0x7ffcd6310000 of 64 bytes failed: 僅完成部分的 ReadProcessMemory 或 WriteProcessMemory 要求。 (0x12B)
[0111/192329.426:WARNING:pe_image_reader.cc(340)] could not read dos header from C:\Windows\System32\kernel.appcore.dll
[0111/192329.426:ERROR:process_memory_win.cc(73)] ReadMemory at 0x7ffcd6850000 of 64 bytes failed: 僅完成部分的 ReadProcessMemory 或 WriteProcessMemory 要求。 (0x12B)
[0111/192329.426:WARNING:pe_image_reader.cc(340)] could not read dos header from C:\Windows\System32\bcrypt.dll
[0111/192329.426:ERROR:process_memory_win.cc(73)] ReadMemory at 0x7ffccec90000 of 64 bytes failed: 僅完成部分的 ReadProcessMemory 或 WriteProcessMemory 要求。 (0x12B)
[0111/192329.426:WARNING:pe_image_reader.cc(340)] could not read dos header from C:\Windows\SYSTEM32\WINHTTP.dll
[0111/192329.426:ERROR:process_memory_win.cc(73)] ReadMemory at 0x7ffcd16e0000 of 64 bytes failed: 僅完成部分的 ReadProcessMemory 或 WriteProcessMemory 要求。 (0x12B)
[0111/192329.426:WARNING:pe_image_reader.cc(340)] could not read dos header from C:\Windows\SYSTEM32\dhcpcsvc.DLL
[0111/192329.426:ERROR:process_memory_win.cc(73)] ReadMemory at 0x7ffcd8fe0000 of 64 bytes failed: 僅完成部分的 ReadProcessMemory 或 WriteProcessMemory 要求。 (0x12B)
[0111/192329.426:WARNING:pe_image_reader.cc(340)] could not read dos header from C:\Windows\System32\NSI.dll
[0111/192329.426:ERROR:process_memory_win.cc(73)] ReadMemory at 0x7ffcccc70000 of 64 bytes failed: 僅完成部分的 ReadProcessMemory 或 WriteProcessMemory 要求。 (0x12B)
[0111/192329.426:WARNING:pe_image_reader.cc(340)] could not read dos header from C:\Windows\SYSTEM32\WINMMBASE.dll
[0111/192329.426:ERROR:process_memory_win.cc(73)] ReadMemory at 0x7ffcd7360000 of 64 bytes failed: 僅完成部分的 ReadProcessMemory 或 WriteProcessMemory 要求。 (0x12B)
[0111/192329.426:WARNING:pe_image_reader.cc(340)] could not read dos header from C:\Windows\System32\cfgmgr32.dll
[0111/192329.426:ERROR:process_memory_win.cc(73)] ReadMemory at 0x7ffcd2860000 of 64 bytes failed: 僅完成部分的 ReadProcessMemory 或 WriteProcessMemory 要求。 (0x12B)
[0111/192329.426:WARNING:pe_image_reader.cc(340)] could not read dos header from C:\Windows\SYSTEM32\PROPSYS.dll
[0111/192329.426:ERROR:process_memory_win.cc(73)] ReadMemory at 0x7ffcd8ff0000 of 64 bytes failed: 僅完成部分的 ReadProcessMemory 或 WriteProcessMemory 要求。 (0x12B)
[0111/192329.426:WARNING:pe_image_reader.cc(340)] could not read dos header from C:\Windows\System32\shcore.dll
[0111/192329.426:ERROR:process_memory_win.cc(73)] ReadMemory at 0x7ffcd61e0000 of 64 bytes failed: 僅完成部分的 ReadProcessMemory 或 WriteProcessMemory 要求。 (0x12B)
[0111/192329.426:WARNING:pe_image_reader.cc(340)] could not read dos header from C:\Windows\SYSTEM32\SSPICLI.DLL
[0111/192329.426:ERROR:process_memory_win.cc(73)] ReadMemory at 0x7ffcd5cc0000 of 64 bytes failed: 僅完成部分的 ReadProcessMemory 或 WriteProcessMemory 要求。 (0x12B)
[0111/192329.426:WARNING:pe_image_reader.cc(340)] could not read dos header from C:\Windows\SYSTEM32\CRYPTBASE.DLL
[0111/192329.430:ERROR:process_memory_win.cc(73)] ReadMemory at 0x8e965f8000 of 32768 bytes failed: 僅完成部分的 ReadProcessMemory 或 WriteProcessMemory 要求。 (0x12B)
[0111/192329.430:ERROR:process_memory_win.cc(73)] ReadMemory at 0x8e96dfe000 of 8192 bytes failed: 僅完成部分的 ReadProcessMemory 或 WriteProcessMemory 要求。 (0x12B)
[0111/192329.430:ERROR:process_memory_win.cc(73)] ReadMemory at 0x8e975fe000 of 8192 bytes failed: 僅完成部分的 ReadProcessMemory 或 WriteProcessMemory 要求。 (0x12B)
[0111/192329.430:ERROR:process_memory_win.cc(73)] ReadMemory at 0x8e97dfe000 of 8192 bytes failed: 僅完成部分的 ReadProcessMemory 或 WriteProcessMemory 要求。 (0x12B)
[0111/192329.430:ERROR:process_memory_win.cc(73)] ReadMemory at 0x8e985fd000 of 12288 bytes failed: 僅完成部分的 ReadProcessMemory 或 WriteProcessMemory 要求。 (0x12B)
[0111/192329.430:ERROR:process_memory_win.cc(73)] ReadMemory at 0x8e98dfe000 of 8192 bytes failed: 僅完成部分的 ReadProcessMemory 或 WriteProcessMemory 要求。 (0x12B)
[0111/192329.430:ERROR:process_memory_win.cc(73)] ReadMemory at 0x8e995fe000 of 8192 bytes failed: 僅完成部分的 ReadProcessMemory 或 WriteProcessMemory 要求。 (0x12B)
[0111/192329.430:ERROR:process_memory_win.cc(73)] ReadMemory at 0x8e99dfe000 of 8192 bytes failed: 僅完成部分的 ReadProcessMemory 或 WriteProcessMemory 要求。 (0x12B)
[0111/192329.430:ERROR:process_memory_win.cc(73)] ReadMemory at 0x8e9a5fe000 of 8192 bytes failed: 僅完成部分的 ReadProcessMemory 或 WriteProcessMemory 要求。 (0x12B)
[0111/192329.430:ERROR:process_memory_win.cc(73)] ReadMemory at 0x8e9adfe000 of 8192 bytes failed: 僅完成部分的 ReadProcessMemory 或 WriteProcessMemory 要求。 (0x12B)
[0111/192329.430:ERROR:process_memory_win.cc(73)] ReadMemory at 0x8e9b5fe000 of 8192 bytes failed: 僅完成部分的 ReadProcessMemory 或 WriteProcessMemory 要求。 (0x12B)
[0111/192329.430:ERROR:process_memory_win.cc(73)] ReadMemory at 0x8e9bdfe000 of 8192 bytes failed: 僅完成部分的 ReadProcessMemory 或 WriteProcessMemory 要求。 (0x12B)
[0111/192329.430:ERROR:process_memory_win.cc(73)] ReadMemory at 0x8e9c5fe000 of 8192 bytes failed: 僅完成部分的 ReadProcessMemory 或 WriteProcessMemory 要求。 (0x12B)
[0111/192329.430:ERROR:process_memory_win.cc(73)] ReadMemory at 0x8e9cdfe000 of 8192 bytes failed: 僅完成部分的 ReadProcessMemory 或 WriteProcessMemory 要求。 (0x12B)
[0111/192329.430:ERROR:process_memory_win.cc(73)] ReadMemory at 0x8e9d5fe000 of 8192 bytes failed: 僅完成部分的 ReadProcessMemory 或 WriteProcessMemory 要求。 (0x12B)
[0111/192329.430:ERROR:process_memory_win.cc(73)] ReadMemory at 0x8e9ddfe000 of 8192 bytes failed: 僅完成部分的 ReadProcessMemory 或 WriteProcessMemory 要求。 (0x12B)
[0111/192329.431:ERROR:process_memory_win.cc(73)] ReadMemory at 0x8e95d3a000 of 852 bytes failed: 僅完成部分的 ReadProcessMemory 或 WriteProcessMemory 要求。 (0x12B)
[0111/192329.431:ERROR:process_memory_win.cc(73)] ReadMemory at 0x8e95d3b000 of 6024 bytes failed: 僅完成部分的 ReadProcessMemory 或 WriteProcessMemory 要求。 (0x12B)
[0111/192329.431:ERROR:process_memory_win.cc(73)] ReadMemory at 0x8e95d3d000 of 6024 bytes failed: 僅完成部分的 ReadProcessMemory 或 WriteProcessMemory 要求。 (0x12B)
[0111/192329.431:ERROR:process_memory_win.cc(73)] ReadMemory at 0x8e95d3f000 of 6024 bytes failed: 僅完成部分的 ReadProcessMemory 或 WriteProcessMemory 要求。 (0x12B)
[0111/192329.431:ERROR:process_memory_win.cc(73)] ReadMemory at 0x8e95d41000 of 6024 bytes failed: 僅完成部分的 ReadProcessMemory 或 WriteProcessMemory 要求。 (0x12B)
[0111/192329.431:ERROR:process_memory_win.cc(73)] ReadMemory at 0x8e95d43000 of 6024 bytes failed: 僅完成部分的 ReadProcessMemory 或 WriteProcessMemory 要求。 (0x12B)
[0111/192329.431:ERROR:process_memory_win.cc(73)] ReadMemory at 0x8e95d45000 of 6024 bytes failed: 僅完成部分的 ReadProcessMemory 或 WriteProcessMemory 要求。 (0x12B)
[0111/192329.431:ERROR:process_memory_win.cc(73)] ReadMemory at 0x8e95d47000 of 6024 bytes failed: 僅完成部分的 ReadProcessMemory 或 WriteProcessMemory 要求。 (0x12B)
[0111/192329.431:ERROR:process_memory_win.cc(73)] ReadMemory at 0x8e95d49000 of 6024 bytes failed: 僅完成部分的 ReadProcessMemory 或 WriteProcessMemory 要求。 (0x12B)
[0111/192329.431:ERROR:process_memory_win.cc(73)] ReadMemory at 0x8e95d4b000 of 6024 bytes failed: 僅完成部分的 ReadProcessMemory 或 WriteProcessMemory 要求。 (0x12B)
[0111/192329.431:ERROR:process_memory_win.cc(73)] ReadMemory at 0x8e95d4d000 of 6024 bytes failed: 僅完成部分的 ReadProcessMemory 或 WriteProcessMemory 要求。 (0x12B)
[0111/192329.431:ERROR:process_memory_win.cc(73)] ReadMemory at 0x8e95d4f000 of 6024 bytes failed: 僅完成部分的 ReadProcessMemory 或 WriteProcessMemory 要求。 (0x12B)
[0111/192329.431:ERROR:process_memory_win.cc(73)] ReadMemory at 0x8e95d51000 of 6024 bytes failed: 僅完成部分的 ReadProcessMemory 或 WriteProcessMemory 要求。 (0x12B)
[0111/192329.431:ERROR:process_memory_win.cc(73)] ReadMemory at 0x8e95d53000 of 6024 bytes failed: 僅完成部分的 ReadProcessMemory 或 WriteProcessMemory 要求。 (0x12B)
[0111/192329.431:ERROR:process_memory_win.cc(73)] ReadMemory at 0x8e95d55000 of 6024 bytes failed: 僅完成部分的 ReadProcessMemory 或 WriteProcessMemory 要求。 (0x12B)
[0111/192329.431:ERROR:process_memory_win.cc(73)] ReadMemory at 0x8e95d57000 of 6024 bytes failed: 僅完成部分的 ReadProcessMemory 或 WriteProcessMemory 要求。 (0x12B)
[0111/192329.431:ERROR:process_memory_win.cc(73)] ReadMemory at 0x8e95d59000 of 6024 bytes failed: 僅完成部分的 ReadProcessMemory 或 WriteProcessMemory 要求。 (0x12B)
[0111/192329.431:ERROR:process_memory_win.cc(73)] ReadMemory at 0x1b912df0000 of 384 bytes failed: 僅完成部分的 ReadProcessMemory 或 WriteProcessMemory 要求。 (0x12B)
[0111/192329.431:ERROR:process_memory_win.cc(73)] ReadMemory at 0x1b912df0fe0 of 3876 bytes failed: 僅完成部分的 ReadProcessMemory 或 WriteProcessMemory 要求。 (0x12B)
[0111/192329.431:ERROR:process_memory_win.cc(73)] ReadMemory at 0x1b912df1f10 of 1012 bytes failed: 僅完成部分的 ReadProcessMemory 或 WriteProcessMemory 要求。 (0x12B)
[0111/192329.431:ERROR:process_memory_win.cc(73)] ReadMemory at 0x1b912df2558 of 118 bytes failed: 僅完成部分的 ReadProcessMemory 或 WriteProcessMemory 要求。 (0x12B)
[0111/192329.431:ERROR:process_memory_win.cc(73)] ReadMemory at 0x1b912df25d0 of 1228 bytes failed: 僅完成部分的 ReadProcessMemory 或 WriteProcessMemory 要求。 (0x12B)
[0111/192329.432:ERROR:process_memory_win.cc(73)] ReadMemory at 0x1b912df2a9e of 118 bytes failed: 僅完成部分的 ReadProcessMemory 或 WriteProcessMemory 要求。 (0x12B)
[0111/192329.432:ERROR:process_memory_win.cc(73)] ReadMemory at 0x1b912df2b16 of 100 bytes failed: 僅完成部分的 ReadProcessMemory 或 WriteProcessMemory 要求。 (0x12B)
[0111/192329.432:ERROR:process_memory_win.cc(73)] ReadMemory at 0x1b912df2b90 of 58 bytes failed: 僅完成部分的 ReadProcessMemory 或 WriteProcessMemory 要求。 (0x12B)
[0111/192329.432:ERROR:process_memory_win.cc(73)] ReadMemory at 0x1b912df2c90 of 132 bytes failed: 僅完成部分的 ReadProcessMemory 或 WriteProcessMemory 要求。 (0x12B)
[0111/192329.432:ERROR:process_memory_win.cc(73)] ReadMemory at 0x1b912df2e20 of 132 bytes failed: 僅完成部分的 ReadProcessMemory 或 WriteProcessMemory 要求。 (0x12B)
[0111/192329.432:ERROR:process_memory_win.cc(73)] ReadMemory at 0x1b912df2fe0 of 126 bytes failed: 僅完成部分的 ReadProcessMemory 或 WriteProcessMemory 要求。 (0x12B)
[0111/192329.432:ERROR:process_memory_win.cc(73)] ReadMemory at 0x1b912df34e0 of 132 bytes failed: 僅完成部分的 ReadProcessMemory 或 WriteProcessMemory 要求。 (0x12B)
[0111/192329.432:ERROR:process_memory_win.cc(73)] ReadMemory at 0x1b912df3670 of 64 bytes failed: 僅完成部分的 ReadProcessMemory 或 WriteProcessMemory 要求。 (0x12B)
[0111/192329.432:ERROR:process_memory_win.cc(73)] ReadMemory at 0x1b912df3830 of 132 bytes failed: 僅完成部分的 ReadProcessMemory 或 WriteProcessMemory 要求。 (0x12B)
[0111/192329.432:ERROR:process_memory_win.cc(73)] ReadMemory at 0x1b912df3ad0 of 132 bytes failed: 僅完成部分的 ReadProcessMemory 或 WriteProcessMemory 要求。 (0x12B)
[0111/192329.432:ERROR:process_memory_win.cc(73)] ReadMemory at 0x1b912df3c60 of 68 bytes failed: 僅完成部分的 ReadProcessMemory 或 WriteProcessMemory 要求。 (0x12B)
[0111/192329.432:ERROR:process_memory_win.cc(73)] ReadMemory at 0x1b912df4db0 of 132 bytes failed: 僅完成部分的 ReadProcessMemory 或 WriteProcessMemory 要求。 (0x12B)
[0111/192329.432:ERROR:process_memory_win.cc(73)] ReadMemory at 0x1b912df4f40 of 154 bytes failed: 僅完成部分的 ReadProcessMemory 或 WriteProcessMemory 要求。 (0x12B)
[0111/192329.432:ERROR:process_memory_win.cc(73)] ReadMemory at 0x1b912df5cb0 of 62 bytes failed: 僅完成部分的 ReadProcessMemory 或 WriteProcessMemory 要求。 (0x12B)
[0111/192329.432:ERROR:process_memory_win.cc(73)] ReadMemory at 0x1b912df6250 of 132 bytes failed: 僅完成部分的 ReadProcessMemory 或 WriteProcessMemory 要求。 (0x12B)
[0111/192329.432:ERROR:process_memory_win.cc(73)] ReadMemory at 0x1b912df6380 of 60 bytes failed: 僅完成部分的 ReadProcessMemory 或 WriteProcessMemory 要求。 (0x12B)
[0111/192329.432:ERROR:process_memory_win.cc(73)] ReadMemory at 0x1b912dfd800 of 62 bytes failed: 僅完成部分的 ReadProcessMemory 或 WriteProcessMemory 要求。 (0x12B)
[0111/192329.432:ERROR:process_memory_win.cc(73)] ReadMemory at 0x1b912dfda80 of 60 bytes failed: 僅完成部分的 ReadProcessMemory 或 WriteProcessMemory 要求。 (0x12B)
[0111/192329.432:ERROR:process_memory_win.cc(73)] ReadMemory at 0x1b912dfdc10 of 64 bytes failed: 僅完成部分的 ReadProcessMemory 或 WriteProcessMemory 要求。 (0x12B)
[0111/192329.432:ERROR:process_memory_win.cc(73)] ReadMemory at 0x1b912dfe280 of 54 bytes failed: 僅完成部分的 ReadProcessMemory 或 WriteProcessMemory 要求。 (0x12B)
[0111/192329.432:ERROR:process_memory_win.cc(73)] ReadMemory at 0x1b912e014d0 of 80 bytes failed: 僅完成部分的 ReadProcessMemory 或 WriteProcessMemory 要求。 (0x12B)
[0111/192329.432:ERROR:process_memory_win.cc(73)] ReadMemory at 0x1b912e01a10 of 80 bytes failed: 僅完成部分的 ReadProcessMemory 或 WriteProcessMemory 要求。 (0x12B)
[0111/192329.432:ERROR:process_memory_win.cc(73)] ReadMemory at 0x1b912e03970 of 146 bytes failed: 僅完成部分的 ReadProcessMemory 或 WriteProcessMemory 要求。 (0x12B)
[0111/192329.432:ERROR:process_memory_win.cc(73)] ReadMemory at 0x1b912e04180 of 132 bytes failed: 僅完成部分的 ReadProcessMemory 或 WriteProcessMemory 要求。 (0x12B)
[0111/192329.432:ERROR:process_memory_win.cc(73)] ReadMemory at 0x1b912e044b0 of 132 bytes failed: 僅完成部分的 ReadProcessMemory 或 WriteProcessMemory 要求。 (0x12B)
[0111/192329.432:ERROR:process_memory_win.cc(73)] ReadMemory at 0x1b912e04bb0 of 132 bytes failed: 僅完成部分的 ReadProcessMemory 或 WriteProcessMemory 要求。 (0x12B)
[0111/192329.432:ERROR:process_memory_win.cc(73)] ReadMemory at 0x1b912e056f0 of 132 bytes failed: 僅完成部分的 ReadProcessMemory 或 WriteProcessMemory 要求。 (0x12B)
[0111/192329.432:ERROR:process_memory_win.cc(73)] ReadMemory at 0x1b912e05870 of 132 bytes failed: 僅完成部分的 ReadProcessMemory 或 WriteProcessMemory 要求。 (0x12B)
[0111/192329.432:ERROR:process_memory_win.cc(73)] ReadMemory at 0x1b912e05ad0 of 132 bytes failed: 僅完成部分的 ReadProcessMemory 或 WriteProcessMemory 要求。 (0x12B)
[0111/192329.433:ERROR:process_memory_win.cc(73)] ReadMemory at 0x1b912e05c00 of 132 bytes failed: 僅完成部分的 ReadProcessMemory 或 WriteProcessMemory 要求。 (0x12B)
[0111/192329.433:ERROR:process_memory_win.cc(73)] ReadMemory at 0x1b912e05d30 of 132 bytes failed: 僅完成部分的 ReadProcessMemory 或 WriteProcessMemory 要求。 (0x12B)
[0111/192329.433:ERROR:process_memory_win.cc(73)] ReadMemory at 0x1b912e05e60 of 132 bytes failed: 僅完成部分的 ReadProcessMemory 或 WriteProcessMemory 要求。 (0x12B)
[0111/192329.433:ERROR:process_memory_win.cc(73)] ReadMemory at 0x1b912e05f90 of 132 bytes failed: 僅完成部分的 ReadProcessMemory 或 WriteProcessMemory 要求。 (0x12B)
[0111/192329.433:ERROR:process_memory_win.cc(73)] ReadMemory at 0x1b912e060c0 of 132 bytes failed: 僅完成部分的 ReadProcessMemory 或 WriteProcessMemory 要求。 (0x12B)
[0111/192329.433:ERROR:process_memory_win.cc(73)] ReadMemory at 0x1b912e061f0 of 132 bytes failed: 僅完成部分的 ReadProcessMemory 或 WriteProcessMemory 要求。 (0x12B)
[0111/192329.433:ERROR:process_memory_win.cc(73)] ReadMemory at 0x1b912e06320 of 132 bytes failed: 僅完成部分的 ReadProcessMemory 或 WriteProcessMemory 要求。 (0x12B)
[0111/192329.433:ERROR:process_memory_win.cc(73)] ReadMemory at 0x1b912e06450 of 132 bytes failed: 僅完成部分的 ReadProcessMemory 或 WriteProcessMemory 要求。 (0x12B)
[0111/192329.433:ERROR:process_memory_win.cc(73)] ReadMemory at 0x1b912e06580 of 132 bytes failed: 僅完成部分的 ReadProcessMemory 或 WriteProcessMemory 要求。 (0x12B)
[0111/192329.433:ERROR:process_memory_win.cc(73)] ReadMemory at 0x1b912e066b0 of 132 bytes failed: 僅完成部分的 ReadProcessMemory 或 WriteProcessMemory 要求。 (0x12B)
[0111/192329.433:ERROR:process_memory_win.cc(73)] ReadMemory at 0x1b912e09200 of 132 bytes failed: 僅完成部分的 ReadProcessMemory 或 WriteProcessMemory 要求。 (0x12B)
[0111/192329.433:ERROR:process_memory_win.cc(73)] ReadMemory at 0x1b912e0d6a0 of 66 bytes failed: 僅完成部分的 ReadProcessMemory 或 WriteProcessMemory 要求。 (0x12B)
[0111/192329.433:ERROR:process_memory_win.cc(73)] ReadMemory at 0x1b912e0d6f0 of 62 bytes failed: 僅完成部分的 ReadProcessMemory 或 WriteProcessMemory 要求。 (0x12B)
[0111/192329.433:ERROR:process_memory_win.cc(73)] ReadMemory at 0x1b912e0d740 of 62 bytes failed: 僅完成部分的 ReadProcessMemory 或 WriteProcessMemory 要求。 (0x12B)
[0111/192329.433:ERROR:process_memory_win.cc(73)] ReadMemory at 0x1b912e0d7e0 of 62 bytes failed: 僅完成部分的 ReadProcessMemory 或 WriteProcessMemory 要求。 (0x12B)
[0111/192329.433:ERROR:process_memory_win.cc(73)] ReadMemory at 0x1b912e0d830 of 62 bytes failed: 僅完成部分的 ReadProcessMemory 或 WriteProcessMemory 要求。 (0x12B)
[0111/192329.433:ERROR:process_memory_win.cc(73)] ReadMemory at 0x1b912e0d880 of 64 bytes failed: 僅完成部分的 ReadProcessMemory 或 WriteProcessMemory 要求。 (0x12B)
[0111/192329.433:ERROR:process_memory_win.cc(73)] ReadMemory at 0x1b912e0d8d0 of 60 bytes failed: 僅完成部分的 ReadProcessMemory 或 WriteProcessMemory 要求。 (0x12B)
[0111/192329.433:ERROR:process_memory_win.cc(73)] ReadMemory at 0x1b912e0d970 of 60 bytes failed: 僅完成部分的 ReadProcessMemory 或 WriteProcessMemory 要求。 (0x12B)
[0111/192329.433:ERROR:process_memory_win.cc(73)] ReadMemory at 0x1b912e0dab0 of 62 bytes failed: 僅完成部分的 ReadProcessMemory 或 WriteProcessMemory 要求。 (0x12B)
[0111/192329.433:ERROR:process_memory_win.cc(73)] ReadMemory at 0x1b912e0db00 of 64 bytes failed: 僅完成部分的 ReadProcessMemory 或 WriteProcessMemory 要求。 (0x12B)
[0111/192329.433:ERROR:process_memory_win.cc(73)] ReadMemory at 0x1b912e0db50 of 64 bytes failed: 僅完成部分的 ReadProcessMemory 或 WriteProcessMemory 要求。 (0x12B)
[0111/192329.433:ERROR:process_memory_win.cc(73)] ReadMemory at 0x1b912e0dba0 of 64 bytes failed: 僅完成部分的 ReadProcessMemory 或 WriteProcessMemory 要求。 (0x12B)
[0111/192329.433:ERROR:process_memory_win.cc(73)] ReadMemory at 0x1b912e0dbf0 of 60 bytes failed: 僅完成部分的 ReadProcessMemory 或 WriteProcessMemory 要求。 (0x12B)
[0111/192329.433:ERROR:process_memory_win.cc(73)] ReadMemory at 0x1b912e0dc90 of 62 bytes failed: 僅完成部分的 ReadProcessMemory 或 WriteProcessMemory 要求。 (0x12B)
[0111/192329.433:ERROR:process_memory_win.cc(73)] ReadMemory at 0x1b912e0dce0 of 60 bytes failed: 僅完成部分的 ReadProcessMemory 或 WriteProcessMemory 要求。 (0x12B)
[0111/192329.433:ERROR:process_memory_win.cc(73)] ReadMemory at 0x1b912e0dd30 of 64 bytes failed: 僅完成部分的 ReadProcessMemory 或 WriteProcessMemory 要求。 (0x12B)
[0111/192329.433:ERROR:process_memory_win.cc(73)] ReadMemory at 0x1b912e0ddd0 of 62 bytes failed: 僅完成部分的 ReadProcessMemory 或 WriteProcessMemory 要求。 (0x12B)
[0111/192329.433:ERROR:process_memory_win.cc(73)] ReadMemory at 0x1b912e0de20 of 62 bytes failed: 僅完成部分的 ReadProcessMemory 或 WriteProcessMemory 要求。 (0x12B)
[0111/192329.433:ERROR:process_memory_win.cc(73)] ReadMemory at 0x1b912e0de70 of 66 bytes failed: 僅完成部分的 ReadProcessMemory 或 WriteProcessMemory 要求。 (0x12B)
[0111/192329.433:ERROR:process_memory_win.cc(73)] ReadMemory at 0x1b912e0df10 of 64 bytes failed: 僅完成部分的 ReadProcessMemory 或 WriteProcessMemory 要求。 (0x12B)
[0111/192329.433:ERROR:process_memory_win.cc(73)] ReadMemory at 0x1b912e0df60 of 62 bytes failed: 僅完成部分的 ReadProcessMemory 或 WriteProcessMemory 要求。 (0x12B)
[0111/192329.433:ERROR:process_memory_win.cc(73)] ReadMemory at 0x1b912e0e050 of 60 bytes failed: 僅完成部分的 ReadProcessMemory 或 WriteProcessMemory 要求。 (0x12B)
[0111/192329.433:ERROR:process_memory_win.cc(73)] ReadMemory at 0x1b912e0e0f0 of 64 bytes failed: 僅完成部分的 ReadProcessMemory 或 WriteProcessMemory 要求。 (0x12B)
[0111/192329.434:ERROR:process_memory_win.cc(73)] ReadMemory at 0x1b912e0e4b0 of 58 bytes failed: 僅完成部分的 ReadProcessMemory 或 WriteProcessMemory 要求。 (0x12B)
[0111/192329.434:ERROR:process_memory_win.cc(73)] ReadMemory at 0x1b912e112a0 of 132 bytes failed: 僅完成部分的 ReadProcessMemory 或 WriteProcessMemory 要求。 (0x12B)
[0111/192329.434:ERROR:process_memory_win.cc(73)] ReadMemory at 0x1b912e113d0 of 132 bytes failed: 僅完成部分的 ReadProcessMemory 或 WriteProcessMemory 要求。 (0x12B)
[0111/192329.434:ERROR:process_memory_win.cc(73)] ReadMemory at 0x1b912e116f0 of 132 bytes failed: 僅完成部分的 ReadProcessMemory 或 WriteProcessMemory 要求。 (0x12B)
[0111/192329.434:ERROR:process_memory_win.cc(73)] ReadMemory at 0x1b912e11910 of 132 bytes failed: 僅完成部分的 ReadProcessMemory 或 WriteProcessMemory 要求。 (0x12B)
[0111/192329.434:ERROR:process_memory_win.cc(73)] ReadMemory at 0x1b912e11c70 of 132 bytes failed: 僅完成部分的 ReadProcessMemory 或 WriteProcessMemory 要求。 (0x12B)
[0111/192329.434:ERROR:process_memory_win.cc(73)] ReadMemory at 0x1b912e12330 of 132 bytes failed: 僅完成部分的 ReadProcessMemory 或 WriteProcessMemory 要求。 (0x12B)
[0111/192329.434:ERROR:process_memory_win.cc(73)] ReadMemory at 0x1b912e12460 of 132 bytes failed: 僅完成部分的 ReadProcessMemory 或 WriteProcessMemory 要求。 (0x12B)
[0111/192329.434:ERROR:process_memory_win.cc(73)] ReadMemory at 0x1b912e126c0 of 132 bytes failed: 僅完成部分的 ReadProcessMemory 或 WriteProcessMemory 要求。 (0x12B)
[0111/192329.434:ERROR:process_memory_win.cc(73)] ReadMemory at 0x1b912e12920 of 132 bytes failed: 僅完成部分的 ReadProcessMemory 或 WriteProcessMemory 要求。 (0x12B)
[0111/192329.434:ERROR:process_memory_win.cc(73)] ReadMemory at 0x1b912e12de0 of 132 bytes failed: 僅完成部分的 ReadProcessMemory 或 WriteProcessMemory 要求。 (0x12B)
[0111/192329.434:ERROR:process_memory_win.cc(73)] ReadMemory at 0x1b912e132a0 of 132 bytes failed: 僅完成部分的 ReadProcessMemory 或 WriteProcessMemory 要求。 (0x12B)
[0111/192329.434:ERROR:process_memory_win.cc(73)] ReadMemory at 0x1b912e133d0 of 132 bytes failed: 僅完成部分的 ReadProcessMemory 或 WriteProcessMemory 要求。 (0x12B)
[0111/192329.434:ERROR:process_memory_win.cc(73)] ReadMemory at 0x1b912e13630 of 132 bytes failed: 僅完成部分的 ReadProcessMemory 或 WriteProcessMemory 要求。 (0x12B)
[0111/192329.434:ERROR:process_memory_win.cc(73)] ReadMemory at 0x1b912e13760 of 132 bytes failed: 僅完成部分的 ReadProcessMemory 或 WriteProcessMemory 要求。 (0x12B)
[0111/192329.434:ERROR:process_memory_win.cc(73)] ReadMemory at 0x1b912e13d50 of 132 bytes failed: 僅完成部分的 ReadProcessMemory 或 WriteProcessMemory 要求。 (0x12B)
[0111/192329.434:ERROR:process_memory_win.cc(73)] ReadMemory at 0x1b912e14010 of 76 bytes failed: 僅完成部分的 ReadProcessMemory 或 WriteProcessMemory 要求。 (0x12B)
[0111/192329.434:ERROR:process_memory_win.cc(73)] ReadMemory at 0x1b912e28130 of 512 bytes failed: 僅完成部分的 ReadProcessMemory 或 WriteProcessMemory 要求。 (0x12B)
[0111/192329.434:ERROR:process_memory_win.cc(73)] ReadMemory at 0x1b912e4e8e0 of 512 bytes failed: 僅完成部分的 ReadProcessMemory 或 WriteProcessMemory 要求。 (0x12B)
[0111/192329.434:ERROR:process_memory_win.cc(73)] ReadMemory at 0x1b912e4f490 of 896 bytes failed: 僅完成部分的 ReadProcessMemory 或 WriteProcessMemory 要求。 (0x12B)
[0111/192329.434:ERROR:process_memory_win.cc(73)] ReadMemory at 0x1b912e608f0 of 512 bytes failed: 僅完成部分的 ReadProcessMemory 或 WriteProcessMemory 要求。 (0x12B)
[0111/192329.434:ERROR:process_memory_win.cc(73)] ReadMemory at 0x1b912e8c660 of 512 bytes failed: 僅完成部分的 ReadProcessMemory 或 WriteProcessMemory 要求。 (0x12B)
[0111/192329.434:ERROR:process_memory_win.cc(73)] ReadMemory at 0x1b912e8f380 of 512 bytes failed: 僅完成部分的 ReadProcessMemory 或 WriteProcessMemory 要求。 (0x12B)
[0111/192329.434:ERROR:process_memory_win.cc(73)] ReadMemory at 0x1b912e94a70 of 512 bytes failed: 僅完成部分的 ReadProcessMemory 或 WriteProcessMemory 要求。 (0x12B)
[0111/192329.434:ERROR:process_memory_win.cc(73)] ReadMemory at 0x1b912e9dcb0 of 712 bytes failed: 僅完成部分的 ReadProcessMemory 或 WriteProcessMemory 要求。 (0x12B)
[0111/192329.434:ERROR:process_memory_win.cc(73)] ReadMemory at 0x1b912ebbdf0 of 512 bytes failed: 僅完成部分的 ReadProcessMemory 或 WriteProcessMemory 要求。 (0x12B)
[0111/192329.434:ERROR:process_memory_win.cc(73)] ReadMemory at 0x1b912ec1f46 of 1120 bytes failed: 僅完成部分的 ReadProcessMemory 或 WriteProcessMemory 要求。 (0x12B)
[0111/192329.434:ERROR:process_memory_win.cc(73)] ReadMemory at 0x1b912edce30 of 896 bytes failed: 僅完成部分的 ReadProcessMemory 或 WriteProcessMemory 要求。 (0x12B)
[0111/192329.435:ERROR:process_memory_win.cc(73)] ReadMemory at 0x1b912ee3b70 of 512 bytes failed: 僅完成部分的 ReadProcessMemory 或 WriteProcessMemory 要求。 (0x12B)
[0111/192329.435:ERROR:process_memory_win.cc(73)] ReadMemory at 0x1b913080c40 of 512 bytes failed: 僅完成部分的 ReadProcessMemory 或 WriteProcessMemory 要求。 (0x12B)
[0111/192329.435:ERROR:process_memory_win.cc(73)] ReadMemory at 0x1b913081fc0 of 512 bytes failed: 僅完成部分的 ReadProcessMemory 或 WriteProcessMemory 要求。 (0x12B)
[0111/192329.435:ERROR:process_memory_win.cc(73)] ReadMemory at 0x1b9149e0258 of 512 bytes failed: 僅完成部分的 ReadProcessMemory 或 WriteProcessMemory 要求。 (0x12B)
[0111/192329.435:ERROR:process_memory_win.cc(73)] ReadMemory at 0x1b9149e0e28 of 1376 bytes failed: 僅完成部分的 ReadProcessMemory 或 WriteProcessMemory 要求。 (0x12B)
[0111/192329.435:ERROR:process_memory_win.cc(73)] ReadMemory at 0x1b9149e1e78 of 512 bytes failed: 僅完成部分的 ReadProcessMemory 或 WriteProcessMemory 要求。 (0x12B)
[0111/192329.435:ERROR:process_memory_win.cc(73)] ReadMemory at 0x1b9149e2780 of 512 bytes failed: 僅完成部分的 ReadProcessMemory 或 WriteProcessMemory 要求。 (0x12B)
[0111/192329.435:ERROR:process_memory_win.cc(73)] ReadMemory at 0x1b914d07c90 of 512 bytes failed: 僅完成部分的 ReadProcessMemory 或 WriteProcessMemory 要求。 (0x12B)
[0111/192329.435:ERROR:process_memory_win.cc(73)] ReadMemory at 0x1b914d0fc90 of 512 bytes failed: 僅完成部分的 ReadProcessMemory 或 WriteProcessMemory 要求。 (0x12B)
[0111/192329.435:ERROR:process_memory_win.cc(73)] ReadMemory at 0x1b914d3a360 of 512 bytes failed: 僅完成部分的 ReadProcessMemory 或 WriteProcessMemory 要求。 (0x12B)
[0111/192329.435:ERROR:process_memory_win.cc(73)] ReadMemory at 0x1b914d45c80 of 680 bytes failed: 僅完成部分的 ReadProcessMemory 或 WriteProcessMemory 要求。 (0x12B)
[0111/192329.435:ERROR:process_memory_win.cc(73)] ReadMemory at 0x1b914d67870 of 512 bytes failed: 僅完成部分的 ReadProcessMemory 或 WriteProcessMemory 要求。 (0x12B)
[0111/192329.435:ERROR:process_memory_win.cc(73)] ReadMemory at 0x7ffc549905b0 of 512 bytes failed: 僅完成部分的 ReadProcessMemory 或 WriteProcessMemory 要求。 (0x12B)
[0111/192329.435:ERROR:process_memory_win.cc(73)] ReadMemory at 0x7ffc551c61cf of 512 bytes failed: 僅完成部分的 ReadProcessMemory 或 WriteProcessMemory 要求。 (0x12B)
[0111/192329.435:ERROR:process_memory_win.cc(73)] ReadMemory at 0x7ffcd5cc0000 of 384 bytes failed: 僅完成部分的 ReadProcessMemory 或 WriteProcessMemory 要求。 (0x12B)
[0111/192329.435:ERROR:process_memory_win.cc(73)] ReadMemory at 0x7ffcd6aed6e0 of 512 bytes failed: 僅完成部分的 ReadProcessMemory 或 WriteProcessMemory 要求。 (0x12B)
[0111/192329.435:ERROR:process_memory_win.cc(73)] ReadMemory at 0x7ffcd78e1fd0 of 512 bytes failed: 僅完成部分的 ReadProcessMemory 或 WriteProcessMemory 要求。 (0x12B)
[0111/192329.435:ERROR:process_memory_win.cc(73)] ReadMemory at 0x7ffcd94fc6f4 of 672 bytes failed: 僅完成部分的 ReadProcessMemory 或 WriteProcessMemory 要求。 (0x12B)
[0111/192329.435:ERROR:process_memory_win.cc(73)] ReadMemory at 0x7ffcd94fccf4 of 512 bytes failed: 僅完成部分的 ReadProcessMemory 或 WriteProcessMemory 要求。 (0x12B)
[0111/192329.435:ERROR:process_memory_win.cc(73)] ReadMemory at 0x7ffcd94fffa4 of 608 bytes failed: 僅完成部分的 ReadProcessMemory 或 WriteProcessMemory 要求。 (0x12B)
[0111/192329.435:ERROR:process_memory_win.cc(73)] ReadMemory at 0x7ffcd958c428 of 18 bytes failed: 僅完成部分的 ReadProcessMemory 或 WriteProcessMemory 要求。 (0x12B)
[0111/192329.435:ERROR:process_memory_win.cc(73)] ReadMemory at 0x7ffcd95bf4f8 of 40 bytes failed: 僅完成部分的 ReadProcessMemory 或 WriteProcessMemory 要求。 (0x12B)
[0111/192329.435:ERROR:process_memory_win.cc(73)] ReadMemory at 0x7ffcd95bf978 of 48 bytes failed: 僅完成部分的 ReadProcessMemory 或 WriteProcessMemory 要求。 (0x12B)
[0111/192329.435:ERROR:process_memory_win.cc(73)] ReadMemory at 0x7ffcd95c53c0 of 64 bytes failed: 僅完成部分的 ReadProcessMemory 或 WriteProcessMemory 要求。 (0x12B)
[0111/192329.436:ERROR:scoped_process_suspend.cc(40)] NtResumeProcess: 嘗試存取現有的處理程序。 (0xc000010a)
[0111/194919.595:ERROR:directory_reader_win.cc(43)] FindFirstFile: 系統找不到指定的路徑。 (0x3)
[0111/235620.455:ERROR:directory_reader_win.cc(43)] FindFirstFile: 系統找不到指定的路徑。 (0x3)
[0112/002215.040:ERROR:directory_reader_win.cc(43)] FindFirstFile: 系統找不到指定的路徑。 (0x3)
[0112/010645.114:ERROR:directory_reader_win.cc(43)] FindFirstFile: 系統找不到指定的路徑。 (0x3)
[0112/020018.490:ERROR:directory_reader_win.cc(43)] FindFirstFile: 系統找不到指定的路徑。 (0x3)
[0112/025829.728:ERROR:directory_reader_win.cc(43)] FindFirstFile: 系統找不到指定的路徑。 (0x3)
[0112/035900.017:ERROR:directory_reader_win.cc(43)] FindFirstFile: 系統找不到指定的路徑。 (0x3)
[0112/041810.525:ERROR:directory_reader_win.cc(43)] FindFirstFile: 系統找不到指定的路徑。 (0x3)
